ERROR [AWT-EventQueue-0] 2013-10-05 01:25:18,944 repast.simphony.ui.RSApplication - Scenario Load Error
repast.simphony.scenario.ScenarioLoadException: C:\RepastSimphony-2.1\workspace\PicDNA\PicDNA.rs\user_path.xml (The system cannot find the file specified)
	at repast.simphony.scenario.ScenarioLoader.load(ScenarioLoader.java:219)
	at repast.simphony.ui.RSApplication.open(RSApplication.java:355)
	at repast.simphony.ui.RSAppConfigurator.postWindowOpen(RSAppConfigurator.java:39)
	at saf.core.ui.GUICreatorDelegate.runDisplay(GUICreatorDelegate.java:188)
	at saf.core.ui.GUICreator$1.run(GUICreator.java:18)
	at simphony.util.ThreadUtilities$Runner.run(ThreadUtilities.java:33)
	at simphony.util.ThreadUtilities.runInEventThread(ThreadUtilities.java:47)
	at saf.core.ui.GUICreator.runDisplay(GUICreator.java:16)
	at repast.simphony.ui.RSUIPlugin$1.run(RSUIPlugin.java:104)
	at java.awt.event.InvocationEvent.dispatch(Unknown Source)
	at java.awt.EventQueue.dispatchEventImpl(Unknown Source)
	at java.awt.EventQueue.access$200(Unknown Source)
	at java.awt.EventQueue$3.run(Unknown Source)
	at java.awt.EventQueue$3.run(Unknown Source)
	at java.security.AccessController.doPrivileged(Native Method)
	at java.security.ProtectionDomain$1.doIntersectionPrivilege(Unknown Source)
	at java.awt.EventQueue.dispatchEvent(Unknown Source)
	at java.awt.EventDispatchThread.pumpOneEventForFilters(Unknown Source)
	at java.awt.EventDispatchThread.pumpEventsForFilter(Unknown Source)
	at java.awt.EventDispatchThread.pumpEventsForHierarchy(Unknown Source)
	at java.awt.EventDispatchThread.pumpEvents(Unknown Source)
	at java.awt.EventDispatchThread.pumpEvents(Unknown Source)
	at java.awt.EventDispatchThread.run(Unknown Source)
Caused by: java.io.FileNotFoundException: C:\RepastSimphony-2.1\workspace\PicDNA\PicDNA.rs\user_path.xml (The system cannot find the file specified)
	at java.io.FileInputStream.open(Native Method)
	at java.io.FileInputStream.<init>(Unknown Source)
	at java.io.FileReader.<init>(Unknown Source)
	at repast.simphony.scenario.data.UserPathFileReader.read(UserPathFileReader.java:43)
	at repast.simphony.scenario.ScenarioLoader.load(ScenarioLoader.java:108)
	... 22 more
